<?xml version="1.0"?>

<coverage line-rate="0.6666666666666666" branch-rate="1.0" lines-covered="2" lines-valid="3" branches-covered="0" branches-valid="0" ccn="0.0" version="1.9" timestamp="1240661209332">
	<sources>
		<source>.</source>
	</sources>
	<packages>
		<package name="cobertura" line-rate="0.6666666666666666" branch-rate="1.0" complexity="0.0">
			<classes>
				<class name="cobertura.CoverageTest" filename="cobertura/CoverageTest.java" line-rate="0.6666666666666666" branch-rate="1.0" complexity="0.0">
					<methods>
						<method name="&lt;init&gt;" signature="()V" line-rate="0.0" branch-rate="1.0">
							<lines>
								<line number="3" hits="0" branch="false"/>
							</lines>
						</method>
						<method name="main" signature="([Ljava/lang/String;)V" line-rate="1.0" branch-rate="1.0">
							<lines>
								<line number="9" hits="1" branch="false"/>
								<line number="10" hits="1" branch="false"/>
							</lines>
						</method>
					</methods>
					<lines>
						<line number="3" hits="0" branch="false"/>
						<line number="9" hits="1" branch="false"/>
						<line number="10" hits="1" branch="false"/>
					</lines>
				</class>
			</classes>
		</package>
	</packages>
</coverage>
